\BOOKMARK [0][-]{chapter.1}{\376\377\000I\000n\000t\000r\000o\000d\000u\000c\000t\000i\000o\000n}{}% 1
\BOOKMARK [1][-]{section.1.1}{\376\377\000P\000r\000o\000j\000e\000c\000t\000\040\000A\000r\000c\000h\000i\000t\000e\000c\000t\000u\000r\000e}{chapter.1}% 2
\BOOKMARK [1][-]{section.1.2}{\376\377\000A\000r\000c\000h\000i\000t\000e\000c\000t\000u\000r\000e\000\040\000D\000i\000a\000g\000r\000a\000m}{chapter.1}% 3
\BOOKMARK [0][-]{chapter.2}{\376\377\000M\000a\000i\000n\000\040\000M\000o\000d\000u\000l\000e}{}% 4
\BOOKMARK [0][-]{chapter.3}{\376\377\000D\000a\000t\000a\000b\000a\000s\000e}{}% 5
\BOOKMARK [1][-]{section.3.1}{\376\377\000D\000a\000t\000a\000b\000a\000s\000e\000\040\000D\000i\000a\000g\000r\000a\000m}{chapter.3}% 6
\BOOKMARK [1][-]{section.3.2}{\376\377\000A\000P\000I\000\040\000D\000o\000c\000u\000m\000e\000n\000t\000a\000t\000i\000o\000n}{chapter.3}% 7
\BOOKMARK [0][-]{chapter.4}{\376\377\000C\000o\000n\000f\000i\000g\000u\000r\000a\000t\000i\000o\000n}{}% 8
\BOOKMARK [1][-]{section.4.1}{\376\377\000C\000o\000n\000f\000i\000g\000u\000r\000a\000t\000i\000o\000n\000\040\000V\000a\000l\000u\000e\000s}{chapter.4}% 9
\BOOKMARK [1][-]{section.4.2}{\376\377\000L\000o\000g\000g\000i\000n\000g\000\040\000C\000o\000n\000f\000i\000g\000u\000r\000a\000t\000i\000o\000n}{chapter.4}% 10
\BOOKMARK [0][-]{chapter.5}{\376\377\000S\000e\000c\000u\000r\000i\000t\000y}{}% 11
\BOOKMARK [0][-]{chapter.6}{\376\377\000B\000a\000c\000k\000g\000r\000o\000u\000n\000d\000\040\000T\000a\000s\000k\000s}{}% 12
\BOOKMARK [1][-]{section.6.1}{\376\377\000C\000e\000l\000e\000r\000y\000\040\000C\000o\000n\000f\000i\000g\000u\000r\000a\000t\000i\000o\000n}{chapter.6}% 13
\BOOKMARK [0][-]{chapter.7}{\376\377\000A\000P\000I\000\040\000R\000o\000u\000t\000e\000r\000s}{}% 14
\BOOKMARK [1][-]{section.7.1}{\376\377\000U\000s\000e\000r\000\040\000R\000o\000u\000t\000e\000r}{chapter.7}% 15
\BOOKMARK [1][-]{section.7.2}{\376\377\000P\000o\000s\000t\000\040\000R\000o\000u\000t\000e\000r}{chapter.7}% 16
\BOOKMARK [1][-]{section.7.3}{\376\377\000U\000p\000l\000o\000a\000d\000\040\000R\000o\000u\000t\000e\000r}{chapter.7}% 17
\BOOKMARK [0][-]{chapter.8}{\376\377\000M\000o\000d\000e\000l\000s}{}% 18
\BOOKMARK [1][-]{section.8.1}{\376\377\000U\000s\000e\000r\000\040\000M\000o\000d\000e\000l\000s}{chapter.8}% 19
\BOOKMARK [1][-]{section.8.2}{\376\377\000P\000o\000s\000t\000\040\000M\000o\000d\000e\000l\000s}{chapter.8}% 20
\BOOKMARK [0][-]{chapter.9}{\376\377\000L\000i\000b\000r\000a\000r\000i\000e\000s}{}% 21
\BOOKMARK [1][-]{section.9.1}{\376\377\000B\0002\000\040\000C\000l\000o\000u\000d\000\040\000S\000t\000o\000r\000a\000g\000e}{chapter.9}% 22
\BOOKMARK [0][-]{chapter.10}{\376\377\000A\000P\000I\000\040\000T\000e\000s\000t\000s}{}% 23
\BOOKMARK [1][-]{section.10.1}{\376\377\000T\000e\000s\000t\000\040\000C\000o\000n\000f\000i\000g\000u\000r\000a\000t\000i\000o\000n}{chapter.10}% 24
\BOOKMARK [1][-]{section.10.2}{\376\377\000S\000e\000c\000u\000r\000i\000t\000y\000\040\000T\000e\000s\000t\000s}{chapter.10}% 25
\BOOKMARK [1][-]{section.10.3}{\376\377\000B\000a\000c\000k\000g\000r\000o\000u\000n\000d\000\040\000T\000a\000s\000k\000s\000\040\000T\000e\000s\000t\000s}{chapter.10}% 26
\BOOKMARK [1][-]{section.10.4}{\376\377\000R\000o\000u\000t\000e\000r\000\040\000T\000e\000s\000t\000s}{chapter.10}% 27
\BOOKMARK [0][-]{section*.134}{\376\377\000P\000y\000t\000h\000o\000n\000\040\000M\000o\000d\000u\000l\000e\000\040\000I\000n\000d\000e\000x}{}% 28
\BOOKMARK [0][-]{section*.135}{\376\377\000I\000n\000d\000e\000x}{}% 29
